<?xml version="1.0" encoding="UTF-8"?>
<!-- Generated by org.testng.reporters.JUnitReportReporter -->
<testsuite hostname="LAPTOP-BKU657FU" failures="0" tests="1" name="Selenium.Action_Class" time="7.645" errors="0" timestamp="2024-08-17T12:31:03 IST" skipped="0">
  <testcase classname="Selenium.Action_Class" name="method" time="7.645"/>
  <system-out/>
</testsuite> <!-- Selenium.Action_Class -->
