<?xml version="1.0" encoding="UTF-8"?>
<!-- Generated by org.testng.reporters.JUnitReportReporter -->
<testsuite hostname="LAPTOP-BKU657FU" failures="0" tests="1" name="Selenium.Multiuple_windowhandle" time="17.835" errors="0" timestamp="2024-08-17T15:28:38 IST" skipped="0">
  <testcase classname="Selenium.Multiuple_windowhandle" name="method" time="17.835"/>
  <system-out/>
</testsuite> <!-- Selenium.Multiuple_windowhandle -->
